2026-03-04 00:01:09,889 - MeuSonho - INFO - Inicializando sistema... - [main.py:9]
2026-03-04 00:01:12,062 - MeuSonho - INFO - Snapshot atualizado. - [operation_controller.py:24]
2026-03-04 00:01:12,877 - MeuSonho - INFO - Disco 4 selecionado. - [operation_controller.py:79]
2026-03-04 00:01:23,869 - MeuSonho - INFO - Pipeline REAL FORMAT iniciado | Disk 4 | FS=FAT32 - [real_format_service.py:52]
2026-03-04 00:01:26,552 - MeuSonho - INFO - Unidade atribuída: F: - [real_format_service.py:116]
2026-03-04 00:01:29,668 - MeuSonho - INFO - Delegando preparaçăo FAT32 | run_powershell.ps1 - [real_format_service.py:150]
2026-03-04 00:01:31,168 - MeuSonho - INFO - Usando formatador externo FAT32 - [real_format_service.py:170]
2026-03-04 00:01:37,968 - MeuSonho - INFO - Pipeline formatador executado com sucesso - [real_format_service.py:226]
2026-03-04 00:03:15,772 - MeuSonho - INFO - Inicializando sistema... - [main.py:9]
2026-03-04 00:03:17,906 - MeuSonho - INFO - Snapshot atualizado. - [operation_controller.py:24]
2026-03-04 00:03:19,253 - MeuSonho - INFO - Disco 4 selecionado. - [operation_controller.py:79]
2026-03-04 00:03:32,886 - MeuSonho - INFO - Pipeline REAL FORMAT iniciado | Disk 4 | FS=FAT32 - [real_format_service.py:52]
2026-03-04 00:03:35,292 - MeuSonho - ERROR - Format error: 'NoneType' object has no attribute 'strip' - [operation_controller.py:154]
2026-03-04 00:03:35,293 - MeuSonho - ERROR - Erro: 'NoneType' object has no attribute 'strip' - [main.py:54]
2026-03-04 00:04:58,705 - MeuSonho - INFO - Inicializando sistema... - [main.py:9]
2026-03-04 00:05:00,863 - MeuSonho - INFO - Snapshot atualizado. - [operation_controller.py:24]
2026-03-04 00:05:03,894 - MeuSonho - INFO - Disco 4 selecionado. - [operation_controller.py:79]
2026-03-04 00:05:19,398 - MeuSonho - INFO - Pipeline REAL FORMAT iniciado | Disk 4 | FS=FAT32 - [real_format_service.py:52]
2026-03-04 00:05:51,758 - MeuSonho - ERROR - Format error: Runner IPC timeout - [operation_controller.py:154]
2026-03-04 00:05:51,758 - MeuSonho - ERROR - Erro: Runner IPC timeout - [main.py:54]
2026-03-04 00:12:49,282 - MeuSonho - INFO - Inicializando sistema... - [main.py:9]
2026-03-04 00:12:51,722 - MeuSonho - INFO - Snapshot atualizado. - [operation_controller.py:24]
2026-03-04 00:12:54,870 - MeuSonho - INFO - Disco 4 selecionado. - [operation_controller.py:79]
2026-03-04 00:13:11,054 - MeuSonho - INFO - Pipeline REAL FORMAT iniciado | Disk 4 | FS=FAT32 - [real_format_service.py:52]
2026-03-04 00:13:43,156 - MeuSonho - ERROR - Format error: Runner IPC timeout - [operation_controller.py:154]
2026-03-04 00:13:43,156 - MeuSonho - ERROR - Erro: Runner IPC timeout - [main.py:54]
2026-03-04 00:14:59,911 - MeuSonho - INFO - Inicializando sistema... - [main.py:9]
2026-03-04 00:15:02,072 - MeuSonho - INFO - Snapshot atualizado. - [operation_controller.py:24]
2026-03-04 00:15:03,958 - MeuSonho - INFO - Disco 4 selecionado. - [operation_controller.py:79]
2026-03-04 00:15:59,470 - MeuSonho - INFO - Pipeline REAL FORMAT iniciado | Disk 4 | FS=EXFAT - [real_format_service.py:52]
2026-03-04 00:16:31,645 - MeuSonho - ERROR - Format error: Runner IPC timeout - [operation_controller.py:154]
2026-03-04 00:16:31,646 - MeuSonho - ERROR - Erro: Runner IPC timeout - [main.py:54]
2026-03-04 00:19:06,537 - MeuSonho - INFO - Inicializando sistema... - [main.py:9]
2026-03-04 00:19:08,749 - MeuSonho - INFO - Snapshot atualizado. - [operation_controller.py:24]
2026-03-04 00:19:09,167 - MeuSonho - INFO - Disco 4 selecionado. - [operation_controller.py:79]
2026-03-04 00:19:39,854 - MeuSonho - INFO - Pipeline REAL FORMAT iniciado | Disk 4 | FS=EXFAT - [real_format_service.py:52]
2026-03-04 00:20:12,480 - MeuSonho - ERROR - Format error: Runner IPC timeout - [operation_controller.py:154]
2026-03-04 00:20:12,481 - MeuSonho - ERROR - Erro: Runner IPC timeout - [main.py:54]
2026-03-04 00:20:22,810 - MeuSonho - INFO - Inicializando sistema... - [main.py:9]
2026-03-04 00:20:24,952 - MeuSonho - INFO - Snapshot atualizado. - [operation_controller.py:24]
2026-03-04 00:20:27,743 - MeuSonho - INFO - Disco 4 selecionado. - [operation_controller.py:79]
2026-03-04 00:20:42,799 - MeuSonho - INFO - Pipeline REAL FORMAT iniciado | Disk 4 | FS=FAT32 - [real_format_service.py:52]
2026-03-04 00:21:15,315 - MeuSonho - ERROR - Format error: Runner IPC timeout - [operation_controller.py:154]
2026-03-04 00:21:15,316 - MeuSonho - ERROR - Erro: Runner IPC timeout - [main.py:54]
2026-03-04 00:29:41,172 - MeuSonho - INFO - Inicializando sistema... - [main.py:9]
2026-03-04 00:29:44,159 - MeuSonho - INFO - Snapshot atualizado. - [operation_controller.py:24]
2026-03-04 00:29:44,160 - MeuSonho - INFO - Disco 4 selecionado. - [operation_controller.py:79]
2026-03-04 00:29:55,224 - MeuSonho - INFO - Pipeline REAL FORMAT iniciado | Disk 4 | FS=FAT32 - [real_format_service.py:52]
2026-03-04 00:29:57,735 - MeuSonho - ERROR - Format error: 'NoneType' object has no attribute 'strip' - [operation_controller.py:154]
2026-03-04 00:29:57,735 - MeuSonho - ERROR - Erro: 'NoneType' object has no attribute 'strip' - [main.py:54]
2026-03-04 00:30:11,602 - MeuSonho - INFO - Inicializando sistema... - [main.py:9]
2026-03-04 00:30:13,757 - MeuSonho - INFO - Snapshot atualizado. - [operation_controller.py:24]
2026-03-04 00:30:19,040 - MeuSonho - INFO - Disco 4 selecionado. - [operation_controller.py:79]
2026-03-04 00:30:41,184 - MeuSonho - INFO - Pipeline REAL FORMAT iniciado | Disk 4 | FS=EXFAT - [real_format_service.py:52]
2026-03-04 00:30:43,630 - MeuSonho - ERROR - Format error: 'NoneType' object has no attribute 'strip' - [operation_controller.py:154]
2026-03-04 00:30:43,631 - MeuSonho - ERROR - Erro: 'NoneType' object has no attribute 'strip' - [main.py:54]
2026-03-04 00:31:00,884 - MeuSonho - INFO - Inicializando sistema... - [main.py:9]
2026-03-04 00:31:03,056 - MeuSonho - INFO - Snapshot atualizado. - [operation_controller.py:24]
2026-03-04 00:31:04,208 - MeuSonho - INFO - Disco 4 selecionado. - [operation_controller.py:79]
2026-03-04 00:31:10,706 - MeuSonho - INFO - Pipeline REAL FORMAT iniciado | Disk 4 | FS=FAT32 - [real_format_service.py:52]
2026-03-04 00:31:13,288 - MeuSonho - INFO - Unidade atribuída: F: - [real_format_service.py:116]
2026-03-04 00:31:16,400 - MeuSonho - INFO - Delegando preparaçăo FAT32 | run_powershell.ps1 - [real_format_service.py:150]
2026-03-04 00:31:17,901 - MeuSonho - INFO - Usando formatador externo FAT32 - [real_format_service.py:170]
2026-03-04 00:31:24,688 - MeuSonho - INFO - Pipeline formatador executado com sucesso - [real_format_service.py:226]
2026-03-04 00:31:43,860 - MeuSonho - INFO - Inicializando sistema... - [main.py:9]
2026-03-04 00:31:45,973 - MeuSonho - INFO - Snapshot atualizado. - [operation_controller.py:24]
2026-03-04 00:31:47,888 - MeuSonho - INFO - Disco 4 selecionado. - [operation_controller.py:79]
2026-03-04 00:32:00,951 - MeuSonho - INFO - Pipeline REAL FORMAT iniciado | Disk 4 | FS=EXFAT - [real_format_service.py:52]
2026-03-04 00:32:03,521 - MeuSonho - INFO - Unidade atribuída: F: - [real_format_service.py:116]
2026-03-04 00:32:06,631 - MeuSonho - INFO - Delegando pipeline EXFAT | xfat_process.ps1 - [real_format_service.py:182]
2026-03-04 00:32:12,814 - MeuSonho - INFO - Pipeline formatador executado com sucesso - [real_format_service.py:226]
2026-03-04 01:39:37,179 - MeuSonho - INFO - Inicializando sistema... - [main.py:9]
2026-03-04 01:39:39,831 - MeuSonho - INFO - Snapshot atualizado. - [operation_controller.py:24]
2026-03-04 01:39:43,037 - MeuSonho - INFO - Disco 4 selecionado. - [operation_controller.py:79]
2026-03-04 01:40:04,368 - MeuSonho - INFO - Inicializando sistema... - [main.py:9]
2026-03-04 01:40:07,285 - MeuSonho - INFO - Snapshot atualizado. - [operation_controller.py:24]
2026-03-04 01:40:07,287 - MeuSonho - INFO - Disco 4 selecionado. - [operation_controller.py:79]
2026-03-04 01:40:19,557 - MeuSonho - INFO - Pipeline REAL FORMAT iniciado | Disk 4 | FS=EXFAT - [real_format_service.py:52]
2026-03-04 01:40:21,972 - MeuSonho - ERROR - Format error: 'NoneType' object has no attribute 'strip' - [operation_controller.py:154]
2026-03-04 01:40:21,973 - MeuSonho - ERROR - Erro: 'NoneType' object has no attribute 'strip' - [main.py:54]
2026-03-04 01:40:44,097 - MeuSonho - INFO - Inicializando sistema... - [main.py:9]
2026-03-04 01:40:46,277 - MeuSonho - INFO - Snapshot atualizado. - [operation_controller.py:24]
2026-03-04 01:40:46,853 - MeuSonho - INFO - Disco 4 selecionado. - [operation_controller.py:79]
2026-03-04 01:40:56,109 - MeuSonho - INFO - Pipeline REAL FORMAT iniciado | Disk 4 | FS=EXFAT - [real_format_service.py:52]
2026-03-04 01:40:58,679 - MeuSonho - INFO - Unidade atribuída: F: - [real_format_service.py:116]
2026-03-04 01:41:01,780 - MeuSonho - INFO - Delegando pipeline EXFAT | xfat_process.ps1 - [real_format_service.py:182]
2026-03-04 01:41:07,876 - MeuSonho - INFO - Pipeline formatador executado com sucesso - [real_format_service.py:226]
2026-03-04 03:30:25,837 - MeuSonho - INFO - Pipeline REAL FORMAT iniciado | Disk 4 | FS=EXFAT - [real_format_service.py:54]
2026-03-04 03:30:34,155 - MeuSonho - INFO - Unidade atribuída: F: - [real_format_service.py:118]
2026-03-04 03:30:37,255 - MeuSonho - INFO - Delegando pipeline EXFAT | xfat_process.ps1 - [real_format_service.py:174]
2026-03-04 03:44:52,856 - MeuSonho - INFO - Pipeline REAL FORMAT iniciado | Disk 4 | FS=EXFAT - [real_format_service.py:54]
2026-03-04 03:44:56,121 - MeuSonho - INFO - Unidade atribuída: F: - [real_format_service.py:121]
2026-03-04 03:45:04,064 - MeuSonho - INFO - Pipeline formatador executado com sucesso - [real_format_service.py:216]
2026-03-04 03:49:06,703 - MeuSonho - INFO - Pipeline REAL FORMAT iniciado | Disk 4 | FS=EXFAT - [real_format_service.py:54]
2026-03-04 03:49:09,587 - MeuSonho - INFO - Unidade atribuída: F: - [real_format_service.py:121]
2026-03-04 03:49:17,447 - MeuSonho - INFO - Pipeline formatador executado com sucesso - [real_format_service.py:216]
2026-03-04 03:59:59,713 - MeuSonho - INFO - Pipeline REAL FORMAT iniciado | Disk 4 | FS=EXFAT - [real_format_service.py:54]
2026-03-04 04:00:02,742 - MeuSonho - INFO - Unidade atribuída: F: - [real_format_service.py:121]
2026-03-04 04:00:06,305 - MeuSonho - INFO - Pipeline closure guard validation - [real_format_service.py:195]
2026-03-04 04:00:11,694 - MeuSonho - INFO - Aguardando commit físico do volume... - [real_format_service.py:218]
2026-03-04 04:00:16,080 - MeuSonho - INFO - Pipeline formatador executado com sucesso - [real_format_service.py:242]
2026-03-04 04:22:39,828 - MeuSonho - INFO - Inicializando sistema... - [main.py:9]
2026-03-04 04:22:43,333 - MeuSonho - INFO - Snapshot atualizado. - [operation_controller.py:24]
2026-03-04 04:23:05,562 - MeuSonho - ERROR - Erro: Disco năo encontrado. - [main.py:54]
2026-03-04 04:27:57,932 - MeuSonho - INFO - Inicializando sistema... - [main.py:9]
2026-03-04 04:28:00,446 - MeuSonho - INFO - Snapshot atualizado. - [operation_controller.py:24]
2026-03-04 04:28:01,379 - MeuSonho - INFO - Disco 4 selecionado. - [operation_controller.py:79]
2026-03-04 04:28:15,434 - MeuSonho - INFO - Pipeline REAL FORMAT iniciado | Disk 4 | FS=EXFAT - [real_format_service.py:54]
2026-03-04 04:28:18,285 - MeuSonho - INFO - Unidade atribuída: F: - [real_format_service.py:121]
2026-03-04 04:28:21,767 - MeuSonho - INFO - Pipeline closure guard validation - [real_format_service.py:195]
2026-03-04 04:28:27,252 - MeuSonho - INFO - Aguardando commit físico do volume... - [real_format_service.py:218]
2026-03-04 04:28:31,665 - MeuSonho - INFO - Pipeline formatador executado com sucesso - [real_format_service.py:242]
2026-03-04 04:33:18,582 - MeuSonho - INFO - Pipeline REAL FORMAT iniciado | Disk 4 | FS=EXFAT - [real_format_service.py:54]
2026-03-04 04:33:22,153 - MeuSonho - INFO - Unidade atribuída: F: - [real_format_service.py:121]
2026-03-04 04:33:25,666 - MeuSonho - INFO - Pipeline closure guard validation - [real_format_service.py:195]
2026-03-04 04:33:31,369 - MeuSonho - INFO - Aguardando commit físico do volume... - [real_format_service.py:218]
2026-03-04 04:33:36,091 - MeuSonho - INFO - Pipeline formatador executado com sucesso - [real_format_service.py:242]
2026-03-04 04:42:40,402 - MeuSonho - INFO - Pipeline REAL FORMAT iniciado | Disk 4 | FS=EXFAT - [real_format_service.py:54]
2026-03-04 04:42:43,327 - MeuSonho - INFO - Unidade atribuída: F: - [real_format_service.py:121]
2026-03-04 04:42:46,911 - MeuSonho - INFO - Pipeline closure guard validation - [real_format_service.py:195]
2026-03-04 04:42:52,376 - MeuSonho - INFO - Aguardando commit físico do volume... - [real_format_service.py:218]
2026-03-04 04:42:56,789 - MeuSonho - INFO - Pipeline formatador executado com sucesso - [real_format_service.py:242]
2026-03-04 04:56:52,662 - MeuSonho - INFO - Inicializando sistema... - [main.py:9]
2026-03-04 04:56:54,880 - MeuSonho - INFO - Snapshot atualizado. - [operation_controller.py:24]
2026-03-04 05:02:01,620 - MeuSonho - INFO - Inicializando sistema... - [main.py:9]
2026-03-04 05:02:03,845 - MeuSonho - INFO - Snapshot atualizado. - [operation_controller.py:24]
2026-03-04 05:02:08,757 - MeuSonho - INFO - Disco 4 selecionado. - [operation_controller.py:79]
2026-03-04 05:02:22,589 - MeuSonho - INFO - Pipeline REAL FORMAT iniciado | Disk 4 | FS=EXFAT - [real_format_service.py:54]
2026-03-04 05:02:25,816 - MeuSonho - INFO - Unidade atribuída: F: - [real_format_service.py:121]
2026-03-04 05:02:28,961 - MeuSonho - INFO - Delegando execuçăo IPC EXFAT worker - [real_format_service.py:182]
2026-03-04 05:04:29,170 - MeuSonho - ERROR - Format error: Runner IPC timeout - [operation_controller.py:154]
2026-03-04 05:04:29,171 - MeuSonho - ERROR - Erro: Runner IPC timeout - [main.py:54]
2026-03-04 18:47:11,014 - MeuSonho - INFO - Inicializando sistema... - [main.py:9]
2026-03-04 18:47:13,122 - MeuSonho - INFO - Snapshot atualizado. - [operation_controller.py:24]
2026-03-04 18:47:21,761 - MeuSonho - INFO - Disco 4 selecionado. - [operation_controller.py:79]
