2026-03-03 22:08:06,513 - MeuSonho - ERROR - Format error: 'NoneType' object has no attribute 'strip' - [operation_controller.py:154]
2026-03-03 22:08:06,513 - MeuSonho - ERROR - Erro: 'NoneType' object has no attribute 'strip' - [main.py:54]
2026-03-03 22:18:18,476 - MeuSonho - ERROR - Format error: Falha ao obter letra da unidade. - [operation_controller.py:154]
2026-03-03 22:18:18,476 - MeuSonho - ERROR - Erro: Falha ao obter letra da unidade. - [main.py:54]
2026-03-03 22:29:54,644 - MeuSonho - ERROR - Format error: Command '['D:\\Novo_Projeto\\Meu_Sonho_em_um_Clique\\assets\\fat32format.exe', 'F:']' returned non-zero exit status 32. - [operation_controller.py:154]
2026-03-03 22:29:54,647 - MeuSonho - ERROR - Erro: Command '['D:\\Novo_Projeto\\Meu_Sonho_em_um_Clique\\assets\\fat32format.exe', 'F:']' returned non-zero exit status 32. - [main.py:54]
2026-03-03 22:54:48,927 - MeuSonho - ERROR - Format error: Runner IPC timeout - [operation_controller.py:154]
2026-03-03 22:54:48,928 - MeuSonho - ERROR - Erro: Runner IPC timeout - [main.py:54]
2026-03-03 23:01:27,255 - MeuSonho - ERROR - Format error: Elevated PowerShell failed with exit code 1 - [operation_controller.py:154]
2026-03-03 23:01:27,256 - MeuSonho - ERROR - Erro: Elevated PowerShell failed with exit code 1 - [main.py:54]
2026-03-03 23:07:29,082 - MeuSonho - ERROR - Format error: Runner IPC timeout - [operation_controller.py:154]
2026-03-03 23:07:29,082 - MeuSonho - ERROR - Erro: Runner IPC timeout - [main.py:54]
2026-03-03 23:14:50,408 - MeuSonho - ERROR - Format error: Runner IPC timeout - [operation_controller.py:154]
2026-03-03 23:14:50,409 - MeuSonho - ERROR - Erro: Runner IPC timeout - [main.py:54]
2026-03-03 23:21:43,176 - MeuSonho - ERROR - Format error: name 'output' is not defined - [operation_controller.py:154]
2026-03-03 23:21:43,178 - MeuSonho - ERROR - Erro: name 'output' is not defined - [main.py:54]
2026-03-03 23:24:53,627 - MeuSonho - ERROR - Format error: Runner IPC timeout - [operation_controller.py:154]
2026-03-03 23:24:53,628 - MeuSonho - ERROR - Erro: Runner IPC timeout - [main.py:54]
2026-03-03 23:26:12,087 - MeuSonho - ERROR - Format error: Runner IPC timeout - [operation_controller.py:154]
2026-03-03 23:26:12,088 - MeuSonho - ERROR - Erro: Runner IPC timeout - [main.py:54]
2026-03-03 23:27:06,555 - MeuSonho - ERROR - Format error: Runner IPC timeout - [operation_controller.py:154]
2026-03-03 23:27:06,556 - MeuSonho - ERROR - Erro: Runner IPC timeout - [main.py:54]
2026-03-03 23:27:58,145 - MeuSonho - ERROR - Format error: name 'output' is not defined - [operation_controller.py:154]
2026-03-03 23:27:58,146 - MeuSonho - ERROR - Erro: name 'output' is not defined - [main.py:54]
2026-03-03 23:29:17,504 - MeuSonho - ERROR - Format error: Runner IPC timeout - [operation_controller.py:154]
2026-03-03 23:29:17,505 - MeuSonho - ERROR - Erro: Runner IPC timeout - [main.py:54]
2026-03-03 23:46:04,572 - MeuSonho - ERROR - Format error: Runner IPC timeout - [operation_controller.py:154]
2026-03-03 23:46:04,573 - MeuSonho - ERROR - Erro: Runner IPC timeout - [main.py:54]
2026-03-03 23:54:19,236 - MeuSonho - ERROR - Format error: Runner IPC timeout - [operation_controller.py:154]
2026-03-03 23:54:19,237 - MeuSonho - ERROR - Erro: Runner IPC timeout - [main.py:54]
2026-03-03 23:55:57,395 - MeuSonho - ERROR - Format error: Runner IPC timeout - [operation_controller.py:154]
2026-03-03 23:55:57,396 - MeuSonho - ERROR - Erro: Runner IPC timeout - [main.py:54]
2026-03-03 23:58:23,617 - MeuSonho - ERROR - Format error: Runner IPC timeout - [operation_controller.py:154]
2026-03-03 23:58:23,618 - MeuSonho - ERROR - Erro: Runner IPC timeout - [main.py:54]
2026-03-04 00:03:35,292 - MeuSonho - ERROR - Format error: 'NoneType' object has no attribute 'strip' - [operation_controller.py:154]
2026-03-04 00:03:35,293 - MeuSonho - ERROR - Erro: 'NoneType' object has no attribute 'strip' - [main.py:54]
2026-03-04 00:05:51,758 - MeuSonho - ERROR - Format error: Runner IPC timeout - [operation_controller.py:154]
2026-03-04 00:05:51,758 - MeuSonho - ERROR - Erro: Runner IPC timeout - [main.py:54]
2026-03-04 00:13:43,156 - MeuSonho - ERROR - Format error: Runner IPC timeout - [operation_controller.py:154]
2026-03-04 00:13:43,156 - MeuSonho - ERROR - Erro: Runner IPC timeout - [main.py:54]
2026-03-04 00:16:31,645 - MeuSonho - ERROR - Format error: Runner IPC timeout - [operation_controller.py:154]
2026-03-04 00:16:31,646 - MeuSonho - ERROR - Erro: Runner IPC timeout - [main.py:54]
2026-03-04 00:20:12,480 - MeuSonho - ERROR - Format error: Runner IPC timeout - [operation_controller.py:154]
2026-03-04 00:20:12,481 - MeuSonho - ERROR - Erro: Runner IPC timeout - [main.py:54]
2026-03-04 00:21:15,315 - MeuSonho - ERROR - Format error: Runner IPC timeout - [operation_controller.py:154]
2026-03-04 00:21:15,316 - MeuSonho - ERROR - Erro: Runner IPC timeout - [main.py:54]
2026-03-04 00:29:57,735 - MeuSonho - ERROR - Format error: 'NoneType' object has no attribute 'strip' - [operation_controller.py:154]
2026-03-04 00:29:57,735 - MeuSonho - ERROR - Erro: 'NoneType' object has no attribute 'strip' - [main.py:54]
2026-03-04 00:30:43,630 - MeuSonho - ERROR - Format error: 'NoneType' object has no attribute 'strip' - [operation_controller.py:154]
2026-03-04 00:30:43,631 - MeuSonho - ERROR - Erro: 'NoneType' object has no attribute 'strip' - [main.py:54]
2026-03-04 01:40:21,972 - MeuSonho - ERROR - Format error: 'NoneType' object has no attribute 'strip' - [operation_controller.py:154]
2026-03-04 01:40:21,973 - MeuSonho - ERROR - Erro: 'NoneType' object has no attribute 'strip' - [main.py:54]
2026-03-04 04:23:05,562 - MeuSonho - ERROR - Erro: Disco năo encontrado. - [main.py:54]
2026-03-04 05:04:29,170 - MeuSonho - ERROR - Format error: Runner IPC timeout - [operation_controller.py:154]
2026-03-04 05:04:29,171 - MeuSonho - ERROR - Erro: Runner IPC timeout - [main.py:54]
